<?xml version="1.0" encoding="UTF-8"?>
<!-- Generated by org.testng.reporters.JUnitReportReporter -->
<testsuite hostname="LAPTOP-TKD45B3R" failures="0" tests="8" name="testPage.HomepageTest" time="14.996" errors="0" timestamp="2023-01-23T23:05:42 EST" skipped="7">
  <testcase classname="testPage.HomepageTest" name="use_of_dropdown_by_index" time="14.996"/>
  <system-out/>
  <testcase classname="testPage.HomepageTest" name="clickSignInButtonTest">
    <skipped/>
  </testcase> <!-- clickSignInButtonTest -->
  <system-out/>
  <testcase classname="testPage.HomepageTest" name="use_of_set_specific_size_in_window">
    <skipped/>
  </testcase> <!-- use_of_set_specific_size_in_window -->
  <system-out/>
  <testcase classname="testPage.HomepageTest" name="forgotPasswordTest">
    <skipped/>
  </testcase> <!-- forgotPasswordTest -->
  <system-out/>
  <testcase classname="testPage.HomepageTest" name="clickloginbuttontest">
    <skipped/>
  </testcase> <!-- clickloginbuttontest -->
  <system-out/>
  <testcase classname="testPage.HomepageTest" name="passwordbuttonTest">
    <skipped/>
  </testcase> <!-- passwordbuttonTest -->
  <system-out/>
  <testcase classname="testPage.HomepageTest" name="inputTextInBothWayTest">
    <skipped/>
  </testcase> <!-- inputTextInBothWayTest -->
  <system-out/>
  <testcase classname="testPage.HomepageTest" name="clickCreateAccountTest">
    <skipped/>
  </testcase> <!-- clickCreateAccountTest -->
  <system-out/>
</testsuite> <!-- testPage.HomepageTest -->
